<?xml version="1.0" encoding="UTF-8"?>
<testng-results skipped="0" failed="0" ignored="0" total="1" passed="1">
  <reporter-output>
    <line>
      <![CDATA[2017-08-02 15:40:41 : [INFO] 连接appium服务器]]>
    </line>
    <line>
      <![CDATA[2017-08-02 15:41:04 : [INFO] [输入字符 -> id: com.icarbonx.meum:id/etPhone]]]>
    </line>
    <line>
      <![CDATA[2017-08-02 15:41:10 : [INFO] [输入字符 -> id: com.icarbonx.meum:id/etVerify]]]>
    </line>
    <line>
      <![CDATA[2017-08-02 15:41:15 : [INFO] [点击 -> id: com.icarbonx.meum:id/btn_login]]]>
    </line>
  </reporter-output>
  <suite name="Default suite" duration-ms="35588" started-at="2017-08-02T07:40:41Z" finished-at="2017-08-02T07:41:17Z">
    <groups>
    </groups>
    <test name="Default test" duration-ms="35588" started-at="2017-08-02T07:40:41Z" finished-at="2017-08-02T07:41:17Z">
      <class name="testcase.LoginTestCase">
        <test-method status="PASS" signature="setUp()[pri:0, instance:testcase.LoginTestCase@57536d79]" name="setUp" is-config="true" duration-ms="20810" started-at="2017-08-02T15:40:41Z" finished-at="2017-08-02T15:41:02Z">
          <reporter-output>
            <line>
              <![CDATA[2017-08-02 15:40:41 : [INFO] 连接appium服务器]]>
            </line>
          </reporter-output>
        </test-method> <!-- setUp -->
        <test-method status="PASS" signature="login()[pri:0, instance:testcase.LoginTestCase@57536d79]" name="login" duration-ms="14765" started-at="2017-08-02T15:41:02Z" finished-at="2017-08-02T15:41:17Z">
          <reporter-output>
            <line>
              <![CDATA[2017-08-02 15:41:04 : [INFO] [输入字符 -> id: com.icarbonx.meum:id/etPhone]]]>
            </line>
            <line>
              <![CDATA[2017-08-02 15:41:10 : [INFO] [输入字符 -> id: com.icarbonx.meum:id/etVerify]]]>
            </line>
            <line>
              <![CDATA[2017-08-02 15:41:15 : [INFO] [点击 -> id: com.icarbonx.meum:id/btn_login]]]>
            </line>
          </reporter-output>
        </test-method> <!-- login -->
      </class> <!-- testcase.LoginTestCase -->
    </test> <!-- Default test -->
  </suite> <!-- Default suite -->
</testng-results>
